Compiling the C compiler identification source file "CMakeCCompilerId.c" failed.
Compiler: /usr/bin/o64-clang 
Build flags: 
Id flags:  

The output was:
Too many levels of symbolic links


Compiling the C compiler identification source file "CMakeCCompilerId.c" failed.
Compiler: /usr/bin/o64-clang 
Build flags: 
Id flags: -c 

The output was:
Too many levels of symbolic links


Compiling the C compiler identification source file "CMakeCCompilerId.c" failed.
Compiler: /usr/bin/o64-clang 
Build flags: 
Id flags: -Aa 

The output was:
Too many levels of symbolic links


Compiling the C compiler identification source file "CMakeCCompilerId.c" failed.
Compiler: /usr/bin/o64-clang 
Build flags: 
Id flags: -D__CLASSIC_C__ 

The output was:
Too many levels of symbolic links


Compiling the C compiler identification source file "CMakeCCompilerId.c" failed.
Compiler: /usr/bin/o64-clang 
Build flags: 
Id flags: --target=arm-arm-none-eabi;-mcpu=cortex-m3 

The output was:
Too many levels of symbolic links


Compiling the C compiler identification source file "CMakeCCompilerId.c" failed.
Compiler: /usr/bin/o64-clang 
Build flags: 
Id flags:  

The output was:
Too many levels of symbolic links


Compiling the C compiler identification source file "CMakeCCompilerId.c" failed.
Compiler: /usr/bin/o64-clang 
Build flags: 
Id flags: -c 

The output was:
Too many levels of symbolic links


Compiling the C compiler identification source file "CMakeCCompilerId.c" failed.
Compiler: /usr/bin/o64-clang 
Build flags: 
Id flags: -Aa 

The output was:
Too many levels of symbolic links


Compiling the C compiler identification source file "CMakeCCompilerId.c" failed.
Compiler: /usr/bin/o64-clang 
Build flags: 
Id flags: -D__CLASSIC_C__ 

The output was:
Too many levels of symbolic links


Compiling the C compiler identification source file "CMakeCCompilerId.c" failed.
Compiler: /usr/bin/o64-clang 
Build flags: 
Id flags: --target=arm-arm-none-eabi;-mcpu=cortex-m3 

The output was:
Too many levels of symbolic links


Checking whether the C compiler is IAR using "" did not match "IAR .+ Compiler":
Checking whether the C compiler is IAR using "" did not match "IAR .+ Compiler":
Compiling the CXX compiler identification source file "CMakeCXXCompilerId.cpp" failed.
Compiler: /usr/bin/o64-clang++ 
Build flags: 
Id flags:  

The output was:
Too many levels of symbolic links


Compiling the CXX compiler identification source file "CMakeCXXCompilerId.cpp" failed.
Compiler: /usr/bin/o64-clang++ 
Build flags: 
Id flags: -c 

The output was:
Too many levels of symbolic links


Compiling the CXX compiler identification source file "CMakeCXXCompilerId.cpp" failed.
Compiler: /usr/bin/o64-clang++ 
Build flags: 
Id flags: --c++ 

The output was:
Too many levels of symbolic links


Compiling the CXX compiler identification source file "CMakeCXXCompilerId.cpp" failed.
Compiler: /usr/bin/o64-clang++ 
Build flags: 
Id flags: --ec++ 

The output was:
Too many levels of symbolic links


Compiling the CXX compiler identification source file "CMakeCXXCompilerId.cpp" failed.
Compiler: /usr/bin/o64-clang++ 
Build flags: 
Id flags: --target=arm-arm-none-eabi;-mcpu=cortex-m3 

The output was:
Too many levels of symbolic links


Compiling the CXX compiler identification source file "CMakeCXXCompilerId.cpp" failed.
Compiler: /usr/bin/o64-clang++ 
Build flags: 
Id flags:  

The output was:
Too many levels of symbolic links


Compiling the CXX compiler identification source file "CMakeCXXCompilerId.cpp" failed.
Compiler: /usr/bin/o64-clang++ 
Build flags: 
Id flags: -c 

The output was:
Too many levels of symbolic links


Compiling the CXX compiler identification source file "CMakeCXXCompilerId.cpp" failed.
Compiler: /usr/bin/o64-clang++ 
Build flags: 
Id flags: --c++ 

The output was:
Too many levels of symbolic links


Compiling the CXX compiler identification source file "CMakeCXXCompilerId.cpp" failed.
Compiler: /usr/bin/o64-clang++ 
Build flags: 
Id flags: --ec++ 

The output was:
Too many levels of symbolic links


Compiling the CXX compiler identification source file "CMakeCXXCompilerId.cpp" failed.
Compiler: /usr/bin/o64-clang++ 
Build flags: 
Id flags: --target=arm-arm-none-eabi;-mcpu=cortex-m3 

The output was:
Too many levels of symbolic links


Checking whether the CXX compiler is IAR using "" did not match "IAR .+ Compiler":
Checking whether the CXX compiler is IAR using "" did not match "IAR .+ Compiler":
Compiling the C compiler identification source file "CMakeCCompilerId.c" failed.
Compiler: /usr/bin/o64-clang 
Build flags: 
Id flags:  

The output was:
255
/usr/lib/osxcross/bin/x86_64-apple-darwin17-ld: error while loading shared libraries: libtapi.so.8svn: cannot open shared object file: No such file or directory
clang-11: error: unable to execute command: No such file or directory
clang-11: error: linker command failed due to signal (use -v to see invocation)


Compiling the CXX compiler identification source file "CMakeCXXCompilerId.cpp" failed.
Compiler: /usr/bin/o64-clang++ 
Build flags: 
Id flags:  

The output was:
255
/usr/lib/osxcross/bin/x86_64-apple-darwin17-ld: error while loading shared libraries: libtapi.so.8svn: cannot open shared object file: No such file or directory
clang-11: error: unable to execute command: No such file or directory
clang-11: error: linker command failed due to signal (use -v to see invocation)


Determining if the C compiler works failed with the following output:
Change Dir: /home/itrooz/moi/workspaces/CLion/Syscall-Debugger/cmake-build-debug-macos/CMakeFiles/CMakeTmp

Run Build Command(s):/usr/bin/make cmTC_9bb44/fast && /usr/bin/make  -f CMakeFiles/cmTC_9bb44.dir/build.make CMakeFiles/cmTC_9bb44.dir/build
make[1] : on entre dans le répertoire « /home/itrooz/moi/workspaces/CLion/Syscall-Debugger/cmake-build-debug-macos/CMakeFiles/CMakeTmp »
Building C object CMakeFiles/cmTC_9bb44.dir/testCCompiler.c.o
/usr/bin/o64-clang    -o CMakeFiles/cmTC_9bb44.dir/testCCompiler.c.o   -c /home/itrooz/moi/workspaces/CLion/Syscall-Debugger/cmake-build-debug-macos/CMakeFiles/CMakeTmp/testCCompiler.c
Linking C executable cmTC_9bb44
/var/lib/snapd/snap/clion/137/bin/cmake/linux/bin/cmake -E cmake_link_script CMakeFiles/cmTC_9bb44.dir/link.txt --verbose=1
/usr/bin/o64-clang      CMakeFiles/cmTC_9bb44.dir/testCCompiler.c.o  -o cmTC_9bb44 
/usr/lib/osxcross/bin/x86_64-apple-darwin17-ld: error while loading shared libraries: libtapi.so.8svn: cannot open shared object file: No such file or directory
clang-11: error: unable to execute command: No such file or directory
clang-11: error: linker command failed due to signal (use -v to see invocation)
make[1]: *** [CMakeFiles/cmTC_9bb44.dir/build.make:107 : cmTC_9bb44] Erreur 255
make[1] : on quitte le répertoire « /home/itrooz/moi/workspaces/CLion/Syscall-Debugger/cmake-build-debug-macos/CMakeFiles/CMakeTmp »
make: *** [Makefile:141 : cmTC_9bb44/fast] Erreur 2



Compiling the C compiler identification source file "CMakeCCompilerId.c" failed.
Compiler: /usr/bin/o64-clang 
Build flags: 
Id flags:  

The output was:
1
ld: library not found for -lcrt1.10.6.o
clang-11: error: linker command failed with exit code 1 (use -v to see invocation)


Compiling the CXX compiler identification source file "CMakeCXXCompilerId.cpp" failed.
Compiler: /usr/bin/o64-clang++ 
Build flags: 
Id flags:  

The output was:
1
ld: library not found for -lcrt1.10.6.o
clang-11: error: linker command failed with exit code 1 (use -v to see invocation)


Determining if the C compiler works failed with the following output:
Change Dir: /home/itrooz/moi/workspaces/CLion/Syscall-Debugger/cmake-build-debug-macos/CMakeFiles/CMakeTmp

Run Build Command(s):/usr/bin/make cmTC_20b06/fast && /usr/bin/make  -f CMakeFiles/cmTC_20b06.dir/build.make CMakeFiles/cmTC_20b06.dir/build
make[1] : on entre dans le répertoire « /home/itrooz/moi/workspaces/CLion/Syscall-Debugger/cmake-build-debug-macos/CMakeFiles/CMakeTmp »
Building C object CMakeFiles/cmTC_20b06.dir/testCCompiler.c.o
/usr/bin/o64-clang    -o CMakeFiles/cmTC_20b06.dir/testCCompiler.c.o   -c /home/itrooz/moi/workspaces/CLion/Syscall-Debugger/cmake-build-debug-macos/CMakeFiles/CMakeTmp/testCCompiler.c
Linking C executable cmTC_20b06
/var/lib/snapd/snap/clion/137/bin/cmake/linux/bin/cmake -E cmake_link_script CMakeFiles/cmTC_20b06.dir/link.txt --verbose=1
/usr/bin/o64-clang      CMakeFiles/cmTC_20b06.dir/testCCompiler.c.o  -o cmTC_20b06 
ld: library not found for -lcrt1.10.6.o
clang-11: error: linker command failed with exit code 1 (use -v to see invocation)
make[1]: *** [CMakeFiles/cmTC_20b06.dir/build.make:107 : cmTC_20b06] Erreur 1
make[1] : on quitte le répertoire « /home/itrooz/moi/workspaces/CLion/Syscall-Debugger/cmake-build-debug-macos/CMakeFiles/CMakeTmp »
make: *** [Makefile:141 : cmTC_20b06/fast] Erreur 2



Compiling the C compiler identification source file "CMakeCCompilerId.c" failed.
Compiler: /usr/bin/o64-clang 
Build flags: 
Id flags:  

The output was:
1
ld: library not found for -lcrt1.10.6.o
clang-11: error: linker command failed with exit code 1 (use -v to see invocation)


Compiling the CXX compiler identification source file "CMakeCXXCompilerId.cpp" failed.
Compiler: /usr/bin/o64-clang++ 
Build flags: 
Id flags:  

The output was:
1
ld: library not found for -lcrt1.10.6.o
clang-11: error: linker command failed with exit code 1 (use -v to see invocation)


Determining if the C compiler works failed with the following output:
Change Dir: /home/itrooz/moi/workspaces/CLion/Syscall-Debugger/cmake-build-debug-macos/CMakeFiles/CMakeTmp

Run Build Command(s):/usr/bin/make cmTC_754b9/fast && /usr/bin/make  -f CMakeFiles/cmTC_754b9.dir/build.make CMakeFiles/cmTC_754b9.dir/build
make[1] : on entre dans le répertoire « /home/itrooz/moi/workspaces/CLion/Syscall-Debugger/cmake-build-debug-macos/CMakeFiles/CMakeTmp »
Building C object CMakeFiles/cmTC_754b9.dir/testCCompiler.c.o
/usr/bin/o64-clang    -o CMakeFiles/cmTC_754b9.dir/testCCompiler.c.o   -c /home/itrooz/moi/workspaces/CLion/Syscall-Debugger/cmake-build-debug-macos/CMakeFiles/CMakeTmp/testCCompiler.c
Linking C executable cmTC_754b9
/var/lib/snapd/snap/clion/137/bin/cmake/linux/bin/cmake -E cmake_link_script CMakeFiles/cmTC_754b9.dir/link.txt --verbose=1
/usr/bin/o64-clang      CMakeFiles/cmTC_754b9.dir/testCCompiler.c.o  -o cmTC_754b9 
ld: library not found for -lcrt1.10.6.o
clang-11: error: linker command failed with exit code 1 (use -v to see invocation)
make[1]: *** [CMakeFiles/cmTC_754b9.dir/build.make:107 : cmTC_754b9] Erreur 1
make[1] : on quitte le répertoire « /home/itrooz/moi/workspaces/CLion/Syscall-Debugger/cmake-build-debug-macos/CMakeFiles/CMakeTmp »
make: *** [Makefile:141 : cmTC_754b9/fast] Erreur 2



